select * from information_schema.tables where table_schema = ? and table_name = ? and table_type = 'BASE TABLE'[ivas_template_8, migrations]
create table `migrations` (`id` int unsigned not null auto_increment primary key, `migration` varchar(191) not null, `batch` int not null) default character set utf8mb4 collate 'utf8mb4_unicode_ci'[]
select * from information_schema.tables where table_schema = ? and table_name = ? and table_type = 'BASE TABLE'[ivas_template_8, migrations]
select `migration` from `migrations` order by `batch` asc, `migration` asc[]
select `migration` from `migrations` order by `batch` asc, `migration` asc[]
select max(`batch`) as aggregate from `migrations`[]
insert into `migrations` (`migration`, `batch`) values (?, ?)[2017_08_01_141233_create_permission_tables, 1]
create table `categories` (`id` int unsigned not null auto_increment primary key, `title` varchar(191) not null, `image` varchar(191) null, `created_at` timestamp null, `updated_at` timestamp null, `parent_id` int unsigned null) default character set utf8mb4 collate 'utf8mb4_unicode_ci'[]
alter table `categories` add index `categories_parent_id_foreign`(`parent_id`)[]
insert into `migrations` (`migration`, `batch`) values (?, ?)[2019_04_22_161443_create_categories_table, 1]
create table `content_types` (`id` int unsigned not null auto_increment primary key, `title` varchar(191) not null, `created_at` timestamp null, `updated_at` timestamp null) default character set utf8mb4 collate 'utf8mb4_unicode_ci'[]
insert into `migrations` (`migration`, `batch`) values (?, ?)[2019_04_22_161443_create_content_types_table, 1]
create table `contents` (`id` int unsigned not null auto_increment primary key, `title` varchar(191) not null, `path` text not null, `image_preview` varchar(191) null, `content_type_id` int unsigned not null, `category_id` int unsigned not null, `patch_number` varchar(191) null, `created_at` timestamp null, `updated_at` timestamp null) default character set utf8mb4 collate 'utf8mb4_unicode_ci'[]
alter table `contents` add index `contents_content_type_id_foreign`(`content_type_id`)[]
alter table `contents` add index `contents_category_id_foreign`(`category_id`)[]
insert into `migrations` (`migration`, `batch`) values (?, ?)[2019_04_22_161443_create_contents_table, 1]
create table `countries` (`id` int unsigned not null auto_increment primary key, `title` varchar(191) not null, `created_at` timestamp null, `updated_at` timestamp null) default character set utf8mb4 collate 'utf8mb4_unicode_ci'[]
insert into `migrations` (`migration`, `batch`) values (?, ?)[2019_04_22_161443_create_countries_table, 1]
create table `delete_all_flags` (`id` int unsigned not null auto_increment primary key, `route_id` int not null, `created_at` timestamp null, `updated_at` timestamp null) default character set utf8mb4 collate 'utf8mb4_unicode_ci'[]
alter table `delete_all_flags` add index `delete_all_flags_route_id_foreign`(`route_id`)[]
insert into `migrations` (`migration`, `batch`) values (?, ?)[2019_04_22_161443_create_delete_all_flags_table, 1]
create table `languages` (`id` int unsigned not null auto_increment primary key, `title` varchar(191) not null, `created_at` timestamp null, `updated_at` timestamp null, `short_code` varchar(191) not null, `rtl` tinyint(1) not null) default character set utf8mb4 collate 'utf8mb4_unicode_ci'[]
insert into `migrations` (`migration`, `batch`) values (?, ?)[2019_04_22_161443_create_languages_table, 1]
create table `operators` (`id` int unsigned not null auto_increment primary key, `name` varchar(191) not null, `rbt_sms_code` varchar(191) null, `rbt_ussd_code` varchar(191) null, `image` varchar(191) null, `country_id` int unsigned not null, `created_at` timestamp null, `updated_at` timestamp null) default character set utf8mb4 collate 'utf8mb4_unicode_ci'[]
alter table `operators` add index `operators_country_id_foreign`(`country_id`)[]
insert into `migrations` (`migration`, `batch`) values (?, ?)[2019_04_22_161443_create_operators_table, 1]
create table `password_resets` (`email` varchar(191) not null, `token` varchar(191) not null, `created_at` datetime null) default character set utf8mb4 collate 'utf8mb4_unicode_ci'[]
alter table `password_resets` add index `password_resets_email_index`(`email`)[]
insert into `migrations` (`migration`, `batch`) values (?, ?)[2019_04_22_161443_create_password_resets_table, 1]
create table `permissions` (`id` int unsigned not null auto_increment primary key, `name` varchar(191) not null, `created_at` timestamp null, `updated_at` timestamp null) default character set utf8mb4 collate 'utf8mb4_unicode_ci'[]
alter table `permissions` add unique `permissions_name_unique`(`name`)[]
insert into `migrations` (`migration`, `batch`) values (?, ?)[2019_04_22_161443_create_permissions_table, 1]
create table `posts` (`id` int unsigned not null auto_increment primary key, `published_date` date not null, `active` tinyint(1) not null, `url` varchar(191) not null, `content_id` int unsigned not null, `operator_id` int unsigned not null, `user_id` int unsigned not null, `created_at` timestamp null, `updated_at` timestamp null) default character set utf8mb4 collate 'utf8mb4_unicode_ci'[]
alter table `posts` add index `posts_content_id_foreign`(`content_id`)[]
alter table `posts` add index `posts_operator_id_foreign`(`operator_id`)[]
alter table `posts` add index `posts_user_id_foreign`(`user_id`)[]
insert into `migrations` (`migration`, `batch`) values (?, ?)[2019_04_22_161443_create_posts_table, 1]
create table `rbt_codes` (`id` int unsigned not null auto_increment primary key, `rbt_code` int not null, `content_id` int unsigned not null, `operator_id` int unsigned not null, `created_at` timestamp null, `updated_at` timestamp null) default character set utf8mb4 collate 'utf8mb4_unicode_ci'[]
alter table `rbt_codes` add index `rbt_codes_content_id_foreign`(`content_id`)[]
alter table `rbt_codes` add index `rbt_codes_operator_id_foreign`(`operator_id`)[]
insert into `migrations` (`migration`, `batch`) values (?, ?)[2019_04_22_161443_create_rbt_codes_table, 1]
create table `relations` (`id` int unsigned not null auto_increment primary key, `scaffoldinterface_id` int unsigned not null, `to` varchar(191) not null, `having` varchar(191) not null, `created_at` timestamp null, `updated_at` timestamp null) default character set utf8mb4 collate 'utf8mb4_unicode_ci'[]
alter table `relations` add index `relations_scaffoldinterface_id_foreign`(`scaffoldinterface_id`)[]
insert into `migrations` (`migration`, `batch`) values (?, ?)[2019_04_22_161443_create_relations_table, 1]
create table `role_has_permissions` (`permission_id` int unsigned not null, `role_id` int unsigned not null) default character set utf8mb4 collate 'utf8mb4_unicode_ci'[]
alter table `role_has_permissions` add primary key `role_has_permissions_permission_id_role_id_primary`(`permission_id`, `role_id`)[]
alter table `role_has_permissions` add index `role_has_permissions_role_id_foreign`(`role_id`)[]
insert into `migrations` (`migration`, `batch`) values (?, ?)[2019_04_22_161443_create_role_has_permissions_table, 1]
create table `role_route` (`id` int not null auto_increment primary key, `role_id` int unsigned not null, `route_id` int not null, `created_at` timestamp null, `updated_at` timestamp null) default character set utf8mb4 collate 'utf8mb4_unicode_ci'[]
alter table `role_route` add index `role_id_2`(`role_id`)[]
alter table `role_route` add index `route_id_2`(`route_id`)[]
insert into `migrations` (`migration`, `batch`) values (?, ?)[2019_04_22_161443_create_role_route_table, 1]
create table `roles` (`id` int unsigned not null auto_increment primary key, `name` varchar(191) not null, `role_priority` int not null, `created_at` timestamp null, `updated_at` timestamp null) default character set utf8mb4 collate 'utf8mb4_unicode_ci'[]
alter table `roles` add unique `roles_name_unique`(`name`)[]
insert into `migrations` (`migration`, `batch`) values (?, ?)[2019_04_22_161443_create_roles_table, 1]
create table `routes` (`id` int not null auto_increment primary key, `method` varchar(20) not null, `route` varchar(100) not null, `controller_name` varchar(100) not null, `created_at` timestamp null, `updated_at` timestamp null, `function_name` varchar(191) null) default character set utf8mb4 collate 'utf8mb4_unicode_ci'[]
insert into `migrations` (`migration`, `batch`) values (?, ?)[2019_04_22_161443_create_routes_table, 1]
create table `scaffoldinterfaces` (`id` int unsigned not null auto_increment primary key, `package` varchar(191) not null, `migration` varchar(191) not null, `model` varchar(191) not null, `controller` varchar(191) not null, `views` varchar(191) not null, `tablename` varchar(191) not null, `created_at` timestamp null, `updated_at` timestamp null) default character set utf8mb4 collate 'utf8mb4_unicode_ci'[]
insert into `migrations` (`migration`, `batch`) values (?, ?)[2019_04_22_161443_create_scaffoldinterfaces_table, 1]
create table `settings` (`id` int unsigned not null auto_increment primary key, `key` varchar(191) not null, `value` text not null, `created_at` timestamp null, `updated_at` timestamp null, `type_id` int not null, `order` int null) default character set utf8mb4 collate 'utf8mb4_unicode_ci'[]
alter table `settings` add index `settings_type_id_foreign`(`type_id`)[]
insert into `migrations` (`migration`, `batch`) values (?, ?)[2019_04_22_161443_create_settings_table, 1]
create table `static_bodies` (`id` int unsigned not null auto_increment primary key, `language_id` int unsigned not null, `static_translation_id` int unsigned not null, `body` text not null, `created_at` timestamp null, `updated_at` timestamp null) default character set utf8mb4 collate 'utf8mb4_unicode_ci'[]
alter table `static_bodies` add index `static_bodies_language_id_foreign`(`language_id`)[]
alter table `static_bodies` add index `static_bodies_static_translation_id_foreign`(`static_translation_id`)[]
insert into `migrations` (`migration`, `batch`) values (?, ?)[2019_04_22_161443_create_static_bodies_table, 1]
create table `static_translations` (`id` int unsigned not null auto_increment primary key, `key_word` varchar(191) not null, `created_at` timestamp null, `updated_at` timestamp null) default character set utf8mb4 collate 'utf8mb4_unicode_ci'[]
insert into `migrations` (`migration`, `batch`) values (?, ?)[2019_04_22_161443_create_static_translations_table, 1]
create table `tans_bodies` (`id` int unsigned not null auto_increment primary key, `language_id` int unsigned not null, `translatable_id` int unsigned not null, `body` text not null, `created_at` timestamp null, `updated_at` timestamp null) default character set utf8mb4 collate 'utf8mb4_unicode_ci'[]
alter table `tans_bodies` add index `tans_bodies_language_id_foreign`(`language_id`)[]
alter table `tans_bodies` add index `tans_bodies_translatable_id_foreign`(`translatable_id`)[]
insert into `migrations` (`migration`, `batch`) values (?, ?)[2019_04_22_161443_create_tans_bodies_table, 1]
create table `translatables` (`id` int unsigned not null auto_increment primary key, `table_name` varchar(191) not null, `record_id` varchar(191) not null, `column_name` varchar(191) not null, `created_at` timestamp null, `updated_at` timestamp null) default character set utf8mb4 collate 'utf8mb4_unicode_ci'[]
insert into `migrations` (`migration`, `batch`) values (?, ?)[2019_04_22_161443_create_translatables_table, 1]
create table `types` (`id` int not null auto_increment primary key, `title` varchar(50) not null, `created_at` timestamp null, `updated_at` timestamp null) default character set utf8mb4 collate 'utf8mb4_unicode_ci'[]
insert into `migrations` (`migration`, `batch`) values (?, ?)[2019_04_22_161443_create_types_table, 1]
create table `user_has_permissions` (`user_id` int unsigned not null, `permission_id` int unsigned not null) default character set utf8mb4 collate 'utf8mb4_unicode_ci'[]
alter table `user_has_permissions` add primary key `user_has_permissions_user_id_permission_id_primary`(`user_id`, `permission_id`)[]
alter table `user_has_permissions` add index `user_has_permissions_permission_id_foreign`(`permission_id`)[]
insert into `migrations` (`migration`, `batch`) values (?, ?)[2019_04_22_161443_create_user_has_permissions_table, 1]
create table `user_has_roles` (`role_id` int unsigned not null, `user_id` int unsigned not null) default character set utf8mb4 collate 'utf8mb4_unicode_ci'[]
alter table `user_has_roles` add primary key `user_has_roles_role_id_user_id_primary`(`role_id`, `user_id`)[]
alter table `user_has_roles` add index `user_has_roles_user_id_foreign`(`user_id`)[]
insert into `migrations` (`migration`, `batch`) values (?, ?)[2019_04_22_161443_create_user_has_roles_table, 1]
create table `users` (`id` int unsigned not null auto_increment primary key, `name` varchar(191) not null, `email` varchar(191) not null, `password` varchar(60) not null, `image` varchar(60) null, `phone` varchar(21) null, `remember_token` varchar(100) null, `created_at` timestamp null, `updated_at` timestamp null) default character set utf8mb4 collate 'utf8mb4_unicode_ci'[]
alter table `users` add unique `users_email_unique`(`email`)[]
alter table `users` add unique `users_phone_unique`(`phone`)[]
insert into `migrations` (`migration`, `batch`) values (?, ?)[2019_04_22_161443_create_users_table, 1]
alter table `categories` add constraint `categories_parent_id_foreign` foreign key (`parent_id`) references `categories` (`id`) on delete CASCADE on update CASCADE[]
insert into `migrations` (`migration`, `batch`) values (?, ?)[2019_04_22_161445_add_foreign_keys_to_categories_table, 1]
alter table `contents` add constraint `contents_category_id_foreign` foreign key (`category_id`) references `categories` (`id`) on delete CASCADE on update CASCADE[]
alter table `contents` add constraint `contents_content_type_id_foreign` foreign key (`content_type_id`) references `content_types` (`id`) on delete CASCADE on update CASCADE[]
insert into `migrations` (`migration`, `batch`) values (?, ?)[2019_04_22_161445_add_foreign_keys_to_contents_table, 1]
alter table `delete_all_flags` add constraint `delete_all_flags_route_id_foreign` foreign key (`route_id`) references `routes` (`id`) on delete CASCADE on update CASCADE[]
insert into `migrations` (`migration`, `batch`) values (?, ?)[2019_04_22_161445_add_foreign_keys_to_delete_all_flags_table, 1]
alter table `operators` add constraint `operators_country_id_foreign` foreign key (`country_id`) references `countries` (`id`) on delete CASCADE on update CASCADE[]
insert into `migrations` (`migration`, `batch`) values (?, ?)[2019_04_22_161445_add_foreign_keys_to_operators_table, 1]
alter table `posts` add constraint `posts_content_id_foreign` foreign key (`content_id`) references `contents` (`id`) on delete CASCADE on update CASCADE[]
alter table `posts` add constraint `posts_operator_id_foreign` foreign key (`operator_id`) references `operators` (`id`) on delete CASCADE on update CASCADE[]
alter table `posts` add constraint `posts_user_id_foreign` foreign key (`user_id`) references `users` (`id`) on delete CASCADE on update CASCADE[]
insert into `migrations` (`migration`, `batch`) values (?, ?)[2019_04_22_161445_add_foreign_keys_to_posts_table, 1]
alter table `rbt_codes` add constraint `rbt_codes_content_id_foreign` foreign key (`content_id`) references `contents` (`id`) on delete CASCADE on update CASCADE[]
alter table `rbt_codes` add constraint `rbt_codes_operator_id_foreign` foreign key (`operator_id`) references `operators` (`id`) on delete CASCADE on update CASCADE[]
insert into `migrations` (`migration`, `batch`) values (?, ?)[2019_04_22_161445_add_foreign_keys_to_rbt_codes_table, 1]
alter table `relations` add constraint `relations_scaffoldinterface_id_foreign` foreign key (`scaffoldinterface_id`) references `scaffoldinterfaces` (`id`) on delete CASCADE on update RESTRICT[]
insert into `migrations` (`migration`, `batch`) values (?, ?)[2019_04_22_161445_add_foreign_keys_to_relations_table, 1]
alter table `role_has_permissions` add constraint `role_has_permissions_permission_id_foreign` foreign key (`permission_id`) references `permissions` (`id`) on delete CASCADE on update RESTRICT[]
alter table `role_has_permissions` add constraint `role_has_permissions_role_id_foreign` foreign key (`role_id`) references `roles` (`id`) on delete CASCADE on update RESTRICT[]
insert into `migrations` (`migration`, `batch`) values (?, ?)[2019_04_22_161445_add_foreign_keys_to_role_has_permissions_table, 1]
alter table `role_route` add constraint `role_route_ibfk_1` foreign key (`route_id`) references `routes` (`id`) on delete CASCADE on update CASCADE[]
alter table `role_route` add constraint `role_route_ibfk_2` foreign key (`role_id`) references `roles` (`id`) on delete CASCADE on update CASCADE[]
insert into `migrations` (`migration`, `batch`) values (?, ?)[2019_04_22_161445_add_foreign_keys_to_role_route_table, 1]
alter table `settings` add constraint `settings_type_id_foreign` foreign key (`type_id`) references `types` (`id`) on delete CASCADE on update CASCADE[]
insert into `migrations` (`migration`, `batch`) values (?, ?)[2019_04_22_161445_add_foreign_keys_to_settings_table, 1]
alter table `static_bodies` add constraint `static_bodies_language_id_foreign` foreign key (`language_id`) references `languages` (`id`) on delete CASCADE on update RESTRICT[]
alter table `static_bodies` add constraint `static_bodies_static_translation_id_foreign` foreign key (`static_translation_id`) references `static_translations` (`id`) on delete CASCADE on update RESTRICT[]
insert into `migrations` (`migration`, `batch`) values (?, ?)[2019_04_22_161445_add_foreign_keys_to_static_bodies_table, 1]
alter table `tans_bodies` add constraint `tans_bodies_language_id_foreign` foreign key (`language_id`) references `languages` (`id`) on delete CASCADE on update RESTRICT[]
alter table `tans_bodies` add constraint `tans_bodies_translatable_id_foreign` foreign key (`translatable_id`) references `translatables` (`id`) on delete CASCADE on update RESTRICT[]
insert into `migrations` (`migration`, `batch`) values (?, ?)[2019_04_22_161445_add_foreign_keys_to_tans_bodies_table, 1]
alter table `user_has_permissions` add constraint `user_has_permissions_permission_id_foreign` foreign key (`permission_id`) references `permissions` (`id`) on delete CASCADE on update RESTRICT[]
alter table `user_has_permissions` add constraint `user_has_permissions_user_id_foreign` foreign key (`user_id`) references `users` (`id`) on delete CASCADE on update RESTRICT[]
insert into `migrations` (`migration`, `batch`) values (?, ?)[2019_04_22_161445_add_foreign_keys_to_user_has_permissions_table, 1]
alter table `user_has_roles` add constraint `user_has_roles_role_id_foreign` foreign key (`role_id`) references `roles` (`id`) on delete CASCADE on update RESTRICT[]
alter table `user_has_roles` add constraint `user_has_roles_user_id_foreign` foreign key (`user_id`) references `users` (`id`) on delete CASCADE on update RESTRICT[]
insert into `migrations` (`migration`, `batch`) values (?, ?)[2019_04_22_161445_add_foreign_keys_to_user_has_roles_table, 1]
create table `providers` (`id` int unsigned not null auto_increment primary key, `title` varchar(191) not null, `image` varchar(191) not null, `created_at` timestamp null, `updated_at` timestamp null) default character set utf8mb4 collate 'utf8mb4_unicode_ci'[]
insert into `migrations` (`migration`, `batch`) values (?, ?)[2019_12_30_091104_create_providers_table, 1]
alter table `categories` add `provider_id` int unsigned null[]
alter table `categories` add constraint `categories_provider_id_foreign` foreign key (`provider_id`) references `providers` (`id`) on delete CASCADE on update CASCADE[]
insert into `migrations` (`migration`, `batch`) values (?, ?)[2019_12_30_161445_add_foreign_keys_to_categoriesproviders_table, 1]
alter table `rbt_codes` add `provider_id` int unsigned null[]
alter table `rbt_codes` add constraint `rbt_codes_provider_id_foreign` foreign key (`provider_id`) references `providers` (`id`) on delete CASCADE on update CASCADE[]
insert into `migrations` (`migration`, `batch`) values (?, ?)[2020_01_01_082734_add_provider_id_Rbtcodes_table, 1]
ALTER TABLE `providers` CHANGE `image` `image` VARCHAR(191) CHARACTER SET utf8mb4 COLLATE utf8mb4_unicode_ci NULL DEFAULT NULL;[]
ALTER TABLE `contents` CHANGE `path` `path` TEXT CHARACTER SET utf8mb4 COLLATE utf8mb4_unicode_ci NULL;[]
insert into `migrations` (`migration`, `batch`) values (?, ?)[2020_01_22_091056_rename_routes_route, 1]
delete from `users`[]
insert into `users` (`created_at`, `email`, `id`, `image`, `name`, `password`, `phone`, `remember_token`, `updated_at`) values (?, ?, ?, ?, ?, ?, ?, ?, ?)[2017-11-09 06:13:14, super_admin@ivas.com, 1, , super admin, $2y$10$u2evAW530miwgUb2jcXkTuqIGswxnSQ3DSmX1Ji5rtO3Tx.MtVcX2, 01234567890, rZuEmD6bPlK8lMdaoIC1jRvzlLs17XOy5r6MTsGWA1ggFfMGCVaw7bYG3hBQ, 2018-11-26 08:11:50]
delete from `roles`[]
insert into `roles` (`created_at`, `id`, `name`, `role_priority`, `updated_at`) values (?, ?, ?, ?, ?), (?, ?, ?, ?, ?)[2017-11-09 06:13:14, 1, super_admin, 3, 2017-11-09 06:13:14, 2018-01-08 14:40:19, 6, admin, 2, 2018-01-08 14:40:19]
delete from `user_has_roles`[]
insert into `user_has_roles` (`role_id`, `user_id`) values (?, ?)[1, 1]
delete from `permissions`[]
delete from `user_has_permissions`[]
delete from `role_has_permissions`[]
delete from `scaffoldinterfaces`[]
delete from `relations`[]
delete from `password_resets`[]
delete from `routes`[]
insert into `routes` (`controller_name`, `created_at`, `function_name`, `id`, `method`, `route`, `updated_at`) values (?, ?, ?, ?, ?, ?, ?), (?, ?, ?, ?, ?, ?, ?), (?, ?, ?, ?, ?, ?, ?), (?, ?, ?, ?, ?, ?, ?), (?, ?, ?, ?, ?, ?, ?), (?, ?, ?, ?, ?, ?, ?), (?, ?, ?, ?, ?, ?, ?), (?, ?, ?, ?, ?, ?, ?), (?, ?, ?, ?, ?, ?, ?), (?, ?, ?, ?, ?, ?, ?), (?, ?, ?, ?, ?, ?, ?), (?, ?, ?, ?, ?, ?, ?), (?, ?, ?, ?, ?, ?, ?), (?, ?, ?, ?, ?, ?, ?), (?, ?, ?, ?, ?, ?, ?), (?, ?, ?, ?, ?, ?, ?), (?, ?, ?, ?, ?, ?, ?), (?, ?, ?, ?, ?, ?, ?), (?, ?, ?, ?, ?, ?, ?), (?, ?, ?, ?, ?, ?, ?), (?, ?, ?, ?, ?, ?, ?), (?, ?, ?, ?, ?, ?, ?), (?, ?, ?, ?, ?, ?, ?), (?, ?, ?, ?, ?, ?, ?), (?, ?, ?, ?, ?, ?, ?), (?, ?, ?, ?, ?, ?, ?), (?, ?, ?, ?, ?, ?, ?), (?, ?, ?, ?, ?, ?, ?), (?, ?, ?, ?, ?, ?, ?), (?, ?, ?, ?, ?, ?, ?), (?, ?, ?, ?, ?, ?, ?), (?, ?, ?, ?, ?, ?, ?), (?, ?, ?, ?, ?, ?, ?), (?, ?, ?, ?, ?, ?, ?), (?, ?, ?, ?, ?, ?, ?), (?, ?, ?, ?, ?, ?, ?), (?, ?, ?, ?, ?, ?, ?), (?, ?, ?, ?, ?, ?, ?), (?, ?, ?, ?, ?, ?, ?), (?, ?, ?, ?, ?, ?, ?), (?, ?, ?, ?, ?, ?, ?), (?, ?, ?, ?, ?, ?, ?), (?, ?, ?, ?, ?, ?, ?), (?, ?, ?, ?, ?, ?, ?), (?, ?, ?, ?, ?, ?, ?), (?, ?, ?, ?, ?, ?, ?), (?, ?, ?, ?, ?, ?, ?), (?, ?, ?, ?, ?, ?, ?), (?, ?, ?, ?, ?, ?, ?), (?, ?, ?, ?, ?, ?, ?), (?, ?, ?, ?, ?, ?, ?), (?, ?, ?, ?, ?, ?, ?), (?, ?, ?, ?, ?, ?, ?), (?, ?, ?, ?, ?, ?, ?), (?, ?, ?, ?, ?, ?, ?), (?, ?, ?, ?, ?, ?, ?), (?, ?, ?, ?, ?, ?, ?), (?, ?, ?, ?, ?, ?, ?), (?, ?, ?, ?, ?, ?, ?), (?, ?, ?, ?, ?, ?, ?), (?, ?, ?, ?, ?, ?, ?), (?, ?, ?, ?, ?, ?, ?), (?, ?, ?, ?, ?, ?, ?), (?, ?, ?, ?, ?, ?, ?), (?, ?, ?, ?, ?, ?, ?), (?, ?, ?, ?, ?, ?, ?), (?, ?, ?, ?, ?, ?, ?), (?, ?, ?, ?, ?, ?, ?), (?, ?, ?, ?, ?, ?, ?), (?, ?, ?, ?, ?, ?, ?), (?, ?, ?, ?, ?, ?, ?), (?, ?, ?, ?, ?, ?, ?), (?, ?, ?, ?, ?, ?, ?), (?, ?, ?, ?, ?, ?, ?), (?, ?, ?, ?, ?, ?, ?), (?, ?, ?, ?, ?, ?, ?), (?, ?, ?, ?, ?, ?, ?), (?, ?, ?, ?, ?, ?, ?), (?, ?, ?, ?, ?, ?, ?), (?, ?, ?, ?, ?, ?, ?), (?, ?, ?, ?, ?, ?, ?), (?, ?, ?, ?, ?, ?, ?), (?, ?, ?, ?, ?, ?, ?), (?, ?, ?, ?, ?, ?, ?), (?, ?, ?, ?, ?, ?, ?), (?, ?, ?, ?, ?, ?, ?), (?, ?, ?, ?, ?, ?, ?), (?, ?, ?, ?, ?, ?, ?), (?, ?, ?, ?, ?, ?, ?), (?, ?, ?, ?, ?, ?, ?), (?, ?, ?, ?, ?, ?, ?), (?, ?, ?, ?, ?, ?, ?), (?, ?, ?, ?, ?, ?, ?), (?, ?, ?, ?, ?, ?, ?), (?, ?, ?, ?, ?, ?, ?), (?, ?, ?, ?, ?, ?, ?), (?, ?, ?, ?, ?, ?, ?), (?, ?, ?, ?, ?, ?, ?), (?, ?, ?, ?, ?, ?, ?), (?, ?, ?, ?, ?, ?, ?), (?, ?, ?, ?, ?, ?, ?), (?, ?, ?, ?, ?, ?, ?), (?, ?, ?, ?, ?, ?, ?), (?, ?, ?, ?, ?, ?, ?), (?, ?, ?, ?, ?, ?, ?), (?, ?, ?, ?, ?, ?, ?), (?, ?, ?, ?, ?, ?, ?), (?, ?, ?, ?, ?, ?, ?), (?, ?, ?, ?, ?, ?, ?), (?, ?, ?, ?, ?, ?, ?), (?, ?, ?, ?, ?, ?, ?), (?, ?, ?, ?, ?, ?, ?), (?, ?, ?, ?, ?, ?, ?), (?, ?, ?, ?, ?, ?, ?), (?, ?, ?, ?, ?, ?, ?), (?, ?, ?, ?, ?, ?, ?), (?, ?, ?, ?, ?, ?, ?), (?, ?, ?, ?, ?, ?, ?), (?, ?, ?, ?, ?, ?, ?), (?, ?, ?, ?, ?, ?, ?), (?, ?, ?, ?, ?, ?, ?), (?, ?, ?, ?, ?, ?, ?), (?, ?, ?, ?, ?, ?, ?), (?, ?, ?, ?, ?, ?, ?), (?, ?, ?, ?, ?, ?, ?), (?, ?, ?, ?, ?, ?, ?), (?, ?, ?, ?, ?, ?, ?), (?, ?, ?, ?, ?, ?, ?), (?, ?, ?, ?, ?, ?, ?)[SettingController, 2018-02-05 13:39:21, create, 2, get, setting/new, 2018-02-05 13:39:21, SettingController, 2018-02-05 13:39:21, store, 3, post, setting, 2018-02-05 13:39:21, DashboardController, 2018-02-05 13:39:21, index, 4, get, dashboard, 2018-07-24 13:47:45, DashboardController, 2018-02-05 13:39:21, index, 5, get, /, 2018-02-05 13:39:21, UserController, 2018-02-05 13:39:21, profile, 6, get, user_profile, 2018-02-05 13:39:21, UserController, 2018-02-05 13:39:21, UpdatePassword, 7, post, user_profile/updatepassword, 2017-11-14 12:29:01, UserController, 2018-02-05 13:39:21, UpdateProfilePicture, 8, post, user_profile/updateprofilepic, 2017-11-14 12:29:08, UserController, 2018-02-05 13:39:21, UpdateNameAndEmail, 9, post, user_profile/updateuserdata, 2017-11-14 12:29:19, SettingController, 2018-02-05 13:39:21, destroy, 10, get, setting/{id}/delete, 2018-02-05 13:39:22, SettingController, 2018-02-05 13:39:21, edit, 11, get, setting/{id}/edit, 2018-02-05 13:39:21, SettingController, 2018-02-05 13:39:21, update, 12, post, setting/{id}, 2018-02-05 13:56:27, StaticTranslationController, 2018-02-05 13:39:21, index, 14, get, static_translation, 2017-11-14 12:29:57, DashboardController, 2018-02-05 13:39:21, file_manager, 21, get, file_manager, 2018-02-05 13:39:21, DashboardController, 2018-02-05 13:39:21, multi_upload, 22, get, upload_items, 2018-02-05 13:39:21, DashboardController, 2018-02-05 13:39:21, save_uploaded, 23, post, save_items, 2018-02-05 13:39:21, DashboardController, 2018-02-05 13:39:21, upload_resize, 24, get, upload_resize, 2018-02-05 13:39:21, DashboardController, 2018-02-05 13:39:21, save_image, 25, post, save_image, 2018-02-05 13:39:21, StaticTranslationController, 2018-02-05 13:39:21, update, 26, post, static_translation/{id}/update, 2017-11-12 12:19:46, StaticTranslationController, 2018-02-05 13:39:21, destroy, 27, get, static_translation/{id}/delete, 2018-02-05 13:39:21, LanguageController, 2018-02-05 13:39:21, destroy, 28, get, language/{id}/delete, 2018-02-05 13:39:21, LanguageController, 2018-02-05 13:39:21, update, 29, post, language/{id}/update, 2018-02-05 13:39:21, RoleController, 2018-02-05 13:39:21, index, 30, get, roles, 2018-02-05 13:39:21, RoleController, 2018-02-05 13:39:21, create, 31, get, roles/new, 2018-02-05 13:39:21, RoleController, 2018-02-05 13:39:21, store, 32, post, roles, 2018-02-05 13:39:21, RoleController, 2018-02-05 13:39:21, destroy, 33, get, roles/{id}/delete, 2018-02-05 13:39:21, RoleController, 2018-02-05 13:39:21, edit, 34, get, roles/{id}/edit, 2018-02-05 13:39:21, RoleController, 2018-02-05 13:39:21, update, 35, post, roles/{id}/update, 2018-02-05 13:39:21, LanguageController, 2018-02-05 13:39:21, index, 36, get, language, 2018-02-05 13:39:21, LanguageController, 2018-02-05 13:39:21, create, 37, get, language/create, 2018-02-05 13:39:21, LanguageController, 2018-02-05 13:39:21, store, 38, post, language, 2018-02-05 13:39:21, LanguageController, 2018-02-05 13:39:21, edit, 39, get, language/{id}/edit, 2018-02-05 13:39:21, RouteController, 2018-02-05 13:39:21, index, 40, get, all_routes, 2019-10-13 11:51:33, RouteController, 2018-02-05 13:39:21, store, 41, post, routes, 2018-02-05 13:39:21, RouteController, 2018-02-05 13:39:21, edit, 42, get, routes/{id}/edit, 2018-02-05 13:39:21, RouteController, 2018-02-05 13:39:21, update, 43, post, routes/{id}/update, 2018-01-28 09:25:29, RouteController, 2018-02-05 13:39:21, destroy, 44, get, routes/{id}/delete, 2018-02-05 13:39:21, RouteController, 2018-02-05 13:39:21, create, 45, get, routes/create, 2018-02-05 13:39:21, RouteController, 2017-11-12 13:45:15, index_v2, 57, get, routes/index_v2, 2017-11-12 14:04:53, RoleController, 2017-11-14 10:56:14, view_access, 58, get, roles/{id}/view_access, 2017-11-15 08:14:14, TypeController, 2018-01-28 08:25:37, index, 59, get, types/index, 2018-01-28 08:25:37, TypeController, 2018-01-28 08:25:37, create, 60, get, types/create, 2018-01-28 08:25:37, TypeController, 2018-01-28 08:25:38, store, 61, post, types, 2018-01-28 08:25:38, TypeController, 2018-01-28 08:25:38, edit, 62, get, types/{id}/edit, 2018-01-28 08:25:38, TypeController, 2018-01-28 08:25:38, update, 63, patch, types/{id}, 2018-01-28 08:25:38, TypeController, 2018-01-28 08:25:38, destroy, 64, get, types/{id}/delete, 2018-01-28 08:25:38, SettingController, 2018-01-28 09:22:00, updateOrder, 65, post, sortabledatatable, 2018-01-28 09:22:00, RouteController, 2018-01-28 09:23:55, buildroutes, 66, get, buildroutes, 2018-01-28 09:23:55, DashboardController, 2018-02-04 12:01:23, delete_all_index, 69, get, delete_all, 2018-02-04 12:01:23, DashboardController, 2018-02-04 12:01:23, delete_all_store, 70, post, delete_all, 2018-02-04 12:01:23, DashboardController, 2018-02-04 13:02:56, upload_resize_v2, 71, get, upload_resize_v2, 2018-02-04 13:02:56, UserController, 2018-02-05 13:39:22, updateOrder, 72, post, sortabledatatable, 2018-02-05 13:39:22, SettingController, 2018-02-05 14:10:10, index, 79, get, setting, 2018-02-05 14:10:10, UserController, 2018-05-31 09:42:21, index, 80, get, users, 2018-05-31 09:42:21, UserController, 2018-05-31 09:42:21, create, 81, get, users/new, 2018-05-31 09:42:21, UserController, 2018-05-31 09:42:21, store, 82, post, users, 2018-05-31 09:42:21, UserController, 2018-05-31 09:42:21, edit, 83, get, users/{id}/edit, 2018-05-31 09:42:21, UserController, 2018-05-31 09:42:21, update, 84, post, users/{id}/update, 2018-05-31 09:42:21, CountryController, 2019-02-10 08:09:36, index, 106, get, country, 2019-02-10 08:09:36, CountryController, 2019-02-10 08:09:36, create, 107, get, country/create, 2019-02-10 08:09:36, CountryController, 2019-02-10 08:09:36, store, 108, post, country, 2019-02-10 08:09:36, CountryController, 2019-02-10 08:09:36, show, 109, get, country/{id}, 2019-02-10 08:09:36, CountryController, 2019-02-10 08:09:37, edit, 110, get, country/{id}/edit, 2019-02-10 08:09:37, CountryController, 2019-02-10 08:09:37, update, 111, patch, country/{id}, 2019-02-10 08:10:42, CountryController, 2019-02-10 08:09:37, delete, 112, get, country/{id}/delete, 2019-02-10 08:09:37, OperatorController, 2019-02-10 08:10:27, index, 113, get, operator, 2019-02-10 08:10:27, OperatorController, 2019-02-10 08:10:27, create, 114, get, operator/create, 2019-02-10 08:10:27, OperatorController, 2019-02-10 08:10:27, store, 115, post, operator, 2019-02-10 08:10:27, OperatorController, 2019-02-10 08:10:27, show, 116, get, operator/{id}, 2019-02-10 08:10:27, OperatorController, 2019-02-10 08:10:27, edit, 117, get, operator/{id}/edit, 2019-02-10 08:10:27, OperatorController, 2019-02-10 08:10:27, update, 118, patch, operator/{id}, 2019-02-10 08:10:27, OperatorController, 2019-02-10 08:10:27, destroy, 119, get, operator/{id}/delete, 2019-02-10 08:10:27, CategoryController, 2019-02-14 13:01:13, index, 120, get, category, 2019-02-14 13:01:13, CategoryController, 2019-02-14 13:01:13, create, 121, get, category/create, 2019-02-14 13:01:13, CategoryController, 2019-02-14 13:01:13, store, 122, post, category, 2019-02-14 13:01:13, CategoryController, 2019-02-14 13:01:13, show, 123, get, category/{id}, 2019-02-14 13:01:13, CategoryController, 2019-02-14 13:01:13, edit, 124, get, category/{id}/edit, 2019-02-14 13:01:13, CategoryController, 2019-02-14 13:01:13, update, 125, patch, category/{id}, 2019-02-14 13:01:13, CategoryController, 2019-02-14 13:01:13, destroy, 126, get, category/{id}/delete, 2019-02-14 13:01:13, ContentTypeController, 2019-02-14 13:02:21, index, 127, get, content_type, 2019-02-14 13:02:21, ContentTypeController, 2019-02-14 13:02:21, create, 128, get, content_type/create, 2019-02-14 13:02:21, ContentTypeController, 2019-02-14 13:02:21, store, 129, post, content_type, 2019-02-14 13:02:21, ContentTypeController, 2019-02-14 13:02:21, show, 130, get, content_type/{id}, 2019-02-14 13:02:21, ContentTypeController, 2019-02-14 13:02:22, edit, 131, get, content_type/{id}/edit, 2019-02-14 13:02:22, ContentTypeController, 2019-02-14 13:02:22, update, 132, patch, content_type/{id}, 2019-02-14 13:02:22, ContentTypeController, 2019-02-14 13:02:22, destroy, 133, get, content_type/{id}/delete, 2019-02-14 13:02:22, ContentController, 2019-02-14 13:03:26, index, 134, get, content, 2019-02-14 13:03:26, ContentController, 2019-02-14 13:03:26, create, 135, get, content/create, 2019-02-14 13:03:26, ContentController, 2019-02-14 13:03:26, store, 136, post, content, 2019-02-14 13:03:26, ContentController, 2019-02-14 13:03:26, show, 137, get, content/{id}, 2019-02-14 13:03:26, ContentController, 2019-02-14 13:03:26, edit, 138, get, content/{id}/edit, 2019-02-14 13:03:26, ContentController, 2019-02-14 13:03:26, update, 139, patch, content/{id}, 2019-02-14 13:03:26, ContentController, 2019-02-14 13:03:26, destroy, 140, get, content/{id}/delete, 2019-02-14 13:03:26, PostController, 2019-02-14 13:04:09, index, 141, get, post, 2019-02-14 13:04:09, PostController, 2019-02-14 13:04:09, create, 142, get, post/create, 2019-02-14 13:04:09, PostController, 2019-02-14 13:04:09, store, 143, post, post, 2019-02-14 13:04:09, PostController, 2019-02-14 13:04:09, show, 144, get, post/{id}, 2019-02-14 13:04:09, PostController, 2019-02-14 13:04:09, edit, 145, get, post/{id}/edit, 2019-02-14 13:04:09, PostController, 2019-02-14 13:04:09, update, 146, patch, post/{id}, 2019-02-14 13:04:09, PostController, 2019-02-14 13:04:09, destroy, 147, get, post/{id}/delete, 2019-02-14 13:04:09, SubCategoryController, 2019-03-06 09:00:28, index, 148, get, sub_category, 2019-03-06 09:00:28, SubCategoryController, 2019-03-06 09:00:28, create, 149, get, sub_category/create, 2019-03-06 09:00:28, SubCategoryController, 2019-03-06 09:00:28, store, 150, post, sub_category, 2019-03-06 09:00:28, SubCategoryController, 2019-03-06 09:00:28, show, 151, get, sub_category/{id}, 2019-03-06 09:00:28, SubCategoryController, 2019-03-06 09:00:28, edit, 152, get, sub_category/{id}/edit, 2019-03-06 09:00:28, SubCategoryController, 2019-03-06 09:00:28, update, 153, patch, sub_category/{id}, 2019-03-06 09:00:28, SubCategoryController, 2019-03-06 09:00:28, destroy, 154, get, sub_category/{id}/delete, 2019-03-06 09:00:28, RbtController, 2019-03-14 08:51:14, index, 155, get, rbt, 2019-03-14 08:51:14, RbtController, 2019-03-14 08:51:14, create, 156, get, rbt/create, 2019-03-14 08:51:14, RbtController, 2019-03-14 08:51:15, store, 157, post, rbt, 2019-03-14 08:51:15, RbtController, 2019-03-14 08:51:15, show, 158, get, rbt/{id}, 2019-03-14 08:51:15, RbtController, 2019-03-14 08:51:15, edit, 159, get, rbt/{id}/edit, 2019-03-14 08:51:15, RbtController, 2019-03-14 08:51:15, update, 160, patch, rbt/{id}, 2019-03-14 08:51:15, RbtController, 2019-03-14 08:51:15, destroy, 161, get, rbt/{id}/delete, 2019-03-14 08:51:15, UserController, 2019-10-13 11:51:03, destroy, 162, get, users/{id}/delete, 2019-10-13 11:51:03, DashboardController, 2019-10-13 12:09:15, migrate_tables, 163, get, migrate_tables, 2019-10-13 13:02:42, ProviderController, 2019-02-14 13:01:13, index, 164, get, provider, 2019-02-14 13:01:13, ProviderController, 2019-02-14 13:01:13, create, 165, get, provider/create, 2019-02-14 13:01:13, ProviderController, 2019-02-14 13:01:13, store, 166, post, provider, 2019-02-14 13:01:13, ProviderController, 2019-02-14 13:01:13, show, 167, get, provider/{id}, 2019-02-14 13:01:13, ProviderController, 2019-02-14 13:01:13, edit, 168, get, provider/{id}/edit, 2019-02-14 13:01:13, ProviderController, 2019-02-14 13:01:13, update, 169, patch, provider/{id}, 2019-02-14 13:01:13, ProviderController, 2019-02-14 13:01:13, destroy, 170, get, provider/{id}/delete, 2019-02-14 13:01:13, RouteController, 2019-02-14 13:01:13, edit, 172, get, all_routes/{id}/edit, 2019-02-14 13:01:13, RouteController, 2019-02-14 13:01:13, destroy, 173, get, all_routes/{id}/delete, 2019-02-14 13:01:13, RouteController, 2019-02-14 13:01:13, update, 174, post, all_routes/{id}/update, 2019-02-14 13:01:13, ContentController, 2019-02-14 13:01:13, allData, 175, get, content/allData, 2019-02-14 13:01:13, CategoryController, 2019-02-14 13:01:13, allData, 176, get, category/allData, 2019-02-14 13:01:13, PostController, 2019-02-14 13:01:13, allData, 177, get, post/allData, 2019-02-14 13:01:13, RbtController, 2019-02-14 13:01:13, allData, 178, get, rbt/allData, 2019-02-14 13:01:13]
delete from `role_route`[]
insert into `role_route` (`created_at`, `id`, `role_id`, `route_id`, `updated_at`) values (?, ?, ?, ?, ?), (?, ?, ?, ?, ?), (?, ?, ?, ?, ?), (?, ?, ?, ?, ?), (?, ?, ?, ?, ?), (?, ?, ?, ?, ?), (?, ?, ?, ?, ?), (?, ?, ?, ?, ?), (?, ?, ?, ?, ?), (?, ?, ?, ?, ?), (?, ?, ?, ?, ?), (?, ?, ?, ?, ?), (?, ?, ?, ?, ?), (?, ?, ?, ?, ?), (?, ?, ?, ?, ?), (?, ?, ?, ?, ?), (?, ?, ?, ?, ?), (?, ?, ?, ?, ?), (?, ?, ?, ?, ?), (?, ?, ?, ?, ?), (?, ?, ?, ?, ?), (?, ?, ?, ?, ?), (?, ?, ?, ?, ?), (?, ?, ?, ?, ?), (?, ?, ?, ?, ?), (?, ?, ?, ?, ?), (?, ?, ?, ?, ?), (?, ?, ?, ?, ?), (?, ?, ?, ?, ?), (?, ?, ?, ?, ?), (?, ?, ?, ?, ?), (?, ?, ?, ?, ?), (?, ?, ?, ?, ?), (?, ?, ?, ?, ?), (?, ?, ?, ?, ?), (?, ?, ?, ?, ?), (?, ?, ?, ?, ?), (?, ?, ?, ?, ?), (?, ?, ?, ?, ?), (?, ?, ?, ?, ?), (?, ?, ?, ?, ?), (?, ?, ?, ?, ?), (?, ?, ?, ?, ?), (?, ?, ?, ?, ?), (?, ?, ?, ?, ?), (?, ?, ?, ?, ?), (?, ?, ?, ?, ?), (?, ?, ?, ?, ?), (?, ?, ?, ?, ?), (?, ?, ?, ?, ?), (?, ?, ?, ?, ?), (?, ?, ?, ?, ?), (?, ?, ?, ?, ?), (?, ?, ?, ?, ?), (?, ?, ?, ?, ?), (?, ?, ?, ?, ?), (?, ?, ?, ?, ?), (?, ?, ?, ?, ?), (?, ?, ?, ?, ?), (?, ?, ?, ?, ?), (?, ?, ?, ?, ?), (?, ?, ?, ?, ?), (?, ?, ?, ?, ?), (?, ?, ?, ?, ?), (?, ?, ?, ?, ?), (?, ?, ?, ?, ?), (?, ?, ?, ?, ?), (?, ?, ?, ?, ?), (?, ?, ?, ?, ?), (?, ?, ?, ?, ?), (?, ?, ?, ?, ?), (?, ?, ?, ?, ?), (?, ?, ?, ?, ?), (?, ?, ?, ?, ?), (?, ?, ?, ?, ?), (?, ?, ?, ?, ?), (?, ?, ?, ?, ?), (?, ?, ?, ?, ?), (?, ?, ?, ?, ?), (?, ?, ?, ?, ?), (?, ?, ?, ?, ?), (?, ?, ?, ?, ?), (?, ?, ?, ?, ?), (?, ?, ?, ?, ?)[2019-02-14 13:01:13, 1, 1, 120, 2019-02-14 13:01:13, 2019-02-14 13:01:13, 2, 6, 120, 2019-02-14 13:01:13, 2019-02-14 13:01:13, 3, 1, 121, 2019-02-14 13:01:13, 2019-02-14 13:01:13, 4, 6, 121, 2019-02-14 13:01:13, 2019-02-14 13:01:13, 5, 1, 122, 2019-02-14 13:01:13, 2019-02-14 13:01:13, 6, 6, 122, 2019-02-14 13:01:13, 2019-02-14 13:01:13, 7, 1, 123, 2019-02-14 13:01:13, 2019-02-14 13:01:13, 8, 6, 123, 2019-02-14 13:01:13, 2019-02-14 13:01:13, 9, 1, 124, 2019-02-14 13:01:13, 2019-02-14 13:01:13, 10, 6, 124, 2019-02-14 13:01:13, 2019-02-14 13:01:13, 11, 1, 125, 2019-02-14 13:01:13, 2019-02-14 13:01:13, 12, 6, 125, 2019-02-14 13:01:13, 2019-02-14 13:01:13, 13, 1, 126, 2019-02-14 13:01:13, 2019-02-14 13:01:13, 14, 6, 126, 2019-02-14 13:01:13, 2019-02-14 13:02:21, 15, 1, 127, 2019-02-14 13:02:21, 2019-02-14 13:02:21, 16, 6, 127, 2019-02-14 13:02:21, 2019-02-14 13:02:21, 17, 1, 128, 2019-02-14 13:02:21, 2019-02-14 13:02:21, 18, 6, 128, 2019-02-14 13:02:21, 2019-02-14 13:02:21, 19, 1, 129, 2019-02-14 13:02:21, 2019-02-14 13:02:21, 20, 6, 129, 2019-02-14 13:02:21, 2019-02-14 13:02:22, 21, 1, 130, 2019-02-14 13:02:22, 2019-02-14 13:02:22, 22, 6, 130, 2019-02-14 13:02:22, 2019-02-14 13:02:22, 23, 1, 131, 2019-02-14 13:02:22, 2019-02-14 13:02:22, 24, 6, 131, 2019-02-14 13:02:22, 2019-02-14 13:02:22, 25, 1, 132, 2019-02-14 13:02:22, 2019-02-14 13:02:22, 26, 6, 132, 2019-02-14 13:02:22, 2019-02-14 13:02:22, 27, 1, 133, 2019-02-14 13:02:22, 2019-02-14 13:02:22, 28, 6, 133, 2019-02-14 13:02:22, 2019-02-14 13:03:26, 29, 1, 134, 2019-02-14 13:03:26, 2019-02-14 13:03:26, 30, 6, 134, 2019-02-14 13:03:26, 2019-02-14 13:03:26, 31, 1, 135, 2019-02-14 13:03:26, 2019-02-14 13:03:26, 32, 6, 135, 2019-02-14 13:03:26, 2019-02-14 13:03:26, 33, 1, 136, 2019-02-14 13:03:26, 2019-02-14 13:03:26, 34, 6, 136, 2019-02-14 13:03:26, 2019-02-14 13:03:26, 35, 1, 137, 2019-02-14 13:03:26, 2019-02-14 13:03:26, 36, 6, 137, 2019-02-14 13:03:26, 2019-02-14 13:03:26, 37, 1, 138, 2019-02-14 13:03:26, 2019-02-14 13:03:26, 38, 6, 138, 2019-02-14 13:03:26, 2019-02-14 13:03:26, 39, 1, 139, 2019-02-14 13:03:26, 2019-02-14 13:03:26, 40, 6, 139, 2019-02-14 13:03:26, 2019-02-14 13:03:26, 41, 1, 140, 2019-02-14 13:03:26, 2019-02-14 13:03:26, 42, 6, 140, 2019-02-14 13:03:26, 2019-02-14 13:04:09, 43, 1, 141, 2019-02-14 13:04:09, 2019-02-14 13:04:09, 44, 6, 141, 2019-02-14 13:04:09, 2019-02-14 13:04:09, 45, 1, 142, 2019-02-14 13:04:09, 2019-02-14 13:04:09, 46, 6, 142, 2019-02-14 13:04:09, 2019-02-14 13:04:09, 47, 1, 143, 2019-02-14 13:04:09, 2019-02-14 13:04:09, 48, 6, 143, 2019-02-14 13:04:09, 2019-02-14 13:04:09, 49, 1, 144, 2019-02-14 13:04:09, 2019-02-14 13:04:09, 50, 6, 144, 2019-02-14 13:04:09, 2019-02-14 13:04:09, 51, 1, 145, 2019-02-14 13:04:09, 2019-02-14 13:04:09, 52, 6, 145, 2019-02-14 13:04:09, 2019-02-14 13:04:09, 53, 1, 146, 2019-02-14 13:04:09, 2019-02-14 13:04:09, 54, 6, 146, 2019-02-14 13:04:09, 2019-02-14 13:04:09, 55, 1, 147, 2019-02-14 13:04:09, 2019-02-14 13:04:09, 56, 6, 147, 2019-02-14 13:04:09, 2019-03-06 09:00:28, 57, 1, 148, 2019-03-06 09:00:28, 2019-03-06 09:00:28, 58, 6, 148, 2019-03-06 09:00:28, 2019-03-06 09:00:28, 59, 1, 149, 2019-03-06 09:00:28, 2019-03-06 09:00:28, 60, 6, 149, 2019-03-06 09:00:28, 2019-03-06 09:00:28, 61, 1, 150, 2019-03-06 09:00:28, 2019-03-06 09:00:28, 62, 6, 150, 2019-03-06 09:00:28, 2019-03-06 09:00:28, 63, 1, 151, 2019-03-06 09:00:28, 2019-03-06 09:00:28, 64, 6, 151, 2019-03-06 09:00:28, 2019-03-06 09:00:28, 65, 1, 152, 2019-03-06 09:00:28, 2019-03-06 09:00:28, 66, 6, 152, 2019-03-06 09:00:28, 2019-03-06 09:00:28, 67, 1, 153, 2019-03-06 09:00:28, 2019-03-06 09:00:28, 68, 6, 153, 2019-03-06 09:00:28, 2019-03-06 09:00:28, 69, 1, 154, 2019-03-06 09:00:28, 2019-03-06 09:00:28, 70, 6, 154, 2019-03-06 09:00:28, 2019-03-14 08:51:14, 71, 1, 155, 2019-03-14 08:51:14, 2019-03-14 08:51:14, 72, 6, 155, 2019-03-14 08:51:14, 2019-03-14 08:51:14, 73, 1, 156, 2019-03-14 08:51:14, 2019-03-14 08:51:14, 74, 6, 156, 2019-03-14 08:51:14, 2019-03-14 08:51:15, 75, 1, 157, 2019-03-14 08:51:15, 2019-03-14 08:51:15, 76, 6, 157, 2019-03-14 08:51:15, 2019-03-14 08:51:15, 77, 1, 158, 2019-03-14 08:51:15, 2019-03-14 08:51:15, 78, 6, 158, 2019-03-14 08:51:15, 2019-03-14 08:51:15, 79, 1, 159, 2019-03-14 08:51:15, 2019-03-14 08:51:15, 80, 6, 159, 2019-03-14 08:51:15, 2019-03-14 08:51:15, 81, 1, 160, 2019-03-14 08:51:15, 2019-03-14 08:51:15, 82, 6, 160, 2019-03-14 08:51:15, 2019-03-14 08:51:15, 83, 1, 161, 2019-03-14 08:51:15, 2019-03-14 08:51:15, 84, 6, 161, 2019-03-14 08:51:15]
delete from `types`[]
insert into `types` (`created_at`, `id`, `title`, `updated_at`) values (?, ?, ?, ?), (?, ?, ?, ?), (?, ?, ?, ?), (?, ?, ?, ?), (?, ?, ?, ?), (?, ?, ?, ?), (?, ?, ?, ?)[2018-01-28 08:30:05, 1, Advanced Editor, 2018-01-28 08:30:05, 2018-01-28 08:30:14, 2, Normal Editor, 2018-01-28 08:30:14, 2018-01-28 08:30:29, 3, Image, 2018-01-28 08:30:29, 2018-01-28 08:30:39, 4, Video, 2018-01-28 08:30:39, 2018-01-28 08:30:47, 5, Audio, 2018-01-28 08:30:47, 2018-01-28 08:30:57, 6, File Manager Uploads Extensions, 2018-01-28 08:30:57, 2019-02-11 13:18:52, 7, selector, 2019-02-11 13:18:52]
delete from `settings`[]
insert into `settings` (`created_at`, `id`, `key`, `order`, `type_id`, `updated_at`, `value`) values (?, ?, ?, ?, ?, ?, ?), (?, ?, ?, ?, ?, ?, ?), (?, ?, ?, ?, ?, ?, ?)[2018-02-04 12:04:09, 25, uploadAllow, 0, 6, 2019-02-11 15:09:42, video, 2019-02-11 15:14:30, 27, enable_testing, 0, 7, 2019-02-11 15:15:45, 0, 2019-03-07 10:50:04, 28, content_type_flag, 0, 7, 2019-03-14 08:54:06, 0]
delete from `languages`[]
insert into `languages` (`created_at`, `id`, `rtl`, `short_code`, `title`, `updated_at`) values (?, ?, ?, ?, ?, ?), (?, ?, ?, ?, ?, ?)[2019-02-11 13:12:04, 1, 1, ar, Arabic, 2019-02-11 13:12:04, 2019-02-11 13:12:04, 2, 0, en, English, 2019-02-11 13:12:04]
delete from `content_types`[]
insert into `content_types` (`created_at`, `id`, `title`, `updated_at`) values (?, ?, ?, ?), (?, ?, ?, ?), (?, ?, ?, ?), (?, ?, ?, ?), (?, ?, ?, ?), (?, ?, ?, ?)[2019-02-14 13:05:42, 1, Advanced Text, 2019-02-14 13:05:42, 2019-02-14 13:06:12, 2, Normal Text, 2019-02-14 13:06:12, 2019-02-14 13:06:27, 3, Image, 2019-02-14 13:06:27, 2019-02-14 13:06:34, 4, Audio, 2019-02-14 13:06:34, 2019-02-14 13:06:38, 5, Video, 2019-02-14 13:06:38, 2019-03-06 08:02:01, 6, external video link, 2019-03-06 08:02:01]
SELECT * FROM routes
                      JOIN role_route ON routes.id = role_route.route_id
                      JOIN roles ON role_route.role_id = roles.id
                      WHERE routes.route = '' AND routes.method='get'[]
SELECT * FROM routes
                            WHERE routes.route = ''
                            AND routes.method='get'[]
SELECT * FROM routes
                      JOIN role_route ON routes.id = role_route.route_id
                      JOIN roles ON role_route.role_id = roles.id
                      WHERE routes.route = 'login' AND routes.method='get'[]
SELECT * FROM routes
                            WHERE routes.route = 'login'
                            AND routes.method='get'[]
SELECT * FROM routes
                      JOIN role_route ON routes.id = role_route.route_id
                      JOIN roles ON role_route.role_id = roles.id
                      WHERE routes.route = '' AND routes.method='get'[]
SELECT * FROM routes
                            WHERE routes.route = ''
                            AND routes.method='get'[]
SELECT * FROM routes
                      JOIN role_route ON routes.id = role_route.route_id
                      JOIN roles ON role_route.role_id = roles.id
                      WHERE routes.route = 'login' AND routes.method='get'[]
SELECT * FROM routes
                            WHERE routes.route = 'login'
                            AND routes.method='get'[]
SELECT * FROM routes
                      JOIN role_route ON routes.id = role_route.route_id
                      JOIN roles ON role_route.role_id = roles.id
                      WHERE routes.route = '_debugbar/assets/javascript' AND routes.method='get'[]
SELECT * FROM routes
                            WHERE routes.route = '_debugbar/assets/javascript'
                            AND routes.method='get'[]
SELECT * FROM routes
                      JOIN role_route ON routes.id = role_route.route_id
                      JOIN roles ON role_route.role_id = roles.id
                      WHERE routes.route = '_debugbar/assets/stylesheets' AND routes.method='get'[]
SELECT * FROM routes
                            WHERE routes.route = '_debugbar/assets/stylesheets'
                            AND routes.method='get'[]
SELECT * FROM routes
                      JOIN role_route ON routes.id = role_route.route_id
                      JOIN roles ON role_route.role_id = roles.id
                      WHERE routes.route = 'img/favicon.png' AND routes.method='get'[]
SELECT * FROM routes
                            WHERE routes.route = 'img/favicon.png'
                            AND routes.method='get'[]
SELECT * FROM routes
                      JOIN role_route ON routes.id = role_route.route_id
                      JOIN roles ON role_route.role_id = roles.id
                      WHERE routes.route = 'login' AND routes.method='post'[]
SELECT * FROM routes
                            WHERE routes.route = 'login'
                            AND routes.method='post'[]
select * from `users` where `email` = ? limit 1[super_admin@ivas.com]
SELECT * FROM routes
                      JOIN role_route ON routes.id = role_route.route_id
                      JOIN roles ON role_route.role_id = roles.id
                      WHERE routes.route = '' AND routes.method='get'[]
SELECT * FROM routes
                            WHERE routes.route = ''
                            AND routes.method='get'[]
select * from `users` where `id` = ? limit 1[1]
select * from `users`[]
select `roles`.*, `user_has_roles`.`user_id` as `pivot_user_id`, `user_has_roles`.`role_id` as `pivot_role_id` from `roles` inner join `user_has_roles` on `roles`.`id` = `user_has_roles`.`role_id` where `user_has_roles`.`user_id` = ?[1]
select * from `settings` where `key` like ? limit 1[%content_type_flag%]
SELECT * FROM routes
                      JOIN role_route ON routes.id = role_route.route_id
                      JOIN roles ON role_route.role_id = roles.id
                      WHERE routes.route = 'assets_/data-tables/bootstrap3/dataTables.bootstrap.js' AND routes.method='get'[]
SELECT * FROM routes
                            WHERE routes.route = 'assets_/data-tables/bootstrap3/dataTables.bootstrap.js'
                            AND routes.method='get'[]
